25/09/2011 22:34:05 (Std) 	+-+-+-+-+-+-+-+-+-+-+-+-+-+-+-+-+-+-+-+-+-+-+-+-+-+-+-+-+-+-+-+-+-+-+-+-+-+-+-+
25/09/2011 22:34:05 (Std) 	+                     Crazy Eddie's GUI System - Event log                    +
25/09/2011 22:34:05 (Std) 	+                          (http://www.cegui.org.uk/)                         +
25/09/2011 22:34:05 (Std) 	+-+-+-+-+-+-+-+-+-+-+-+-+-+-+-+-+-+-+-+-+-+-+-+-+-+-+-+-+-+-+-+-+-+-+-+-+-+-+-+

25/09/2011 22:34:05 (Std) 	CEGUI::Logger singleton created. (06EEE718)
25/09/2011 22:34:05 (Std) 	
25/09/2011 22:34:05 (Std) 	********************************************************************************
25/09/2011 22:34:05 (Std) 	* Important:                                                                   *
25/09/2011 22:34:05 (Std) 	*     To get support at the CEGUI forums, you must post _at least_ the section *
25/09/2011 22:34:05 (Std) 	*     of this log file indicated below.  Failure to do this will result in no  *
25/09/2011 22:34:05 (Std) 	*     support being given; please do not waste our time.                       *
25/09/2011 22:34:05 (Std) 	********************************************************************************
25/09/2011 22:34:05 (Std) 	********************************************************************************
25/09/2011 22:34:05 (Std) 	* -------- START OF ESSENTIAL SECTION TO BE POSTED ON THE FORUM       -------- *
25/09/2011 22:34:05 (Std) 	********************************************************************************
25/09/2011 22:34:05 (Std) 	---- Version 0.7.5 (Build: Nov 19 2010 Debug Microsoft Windows MSVC++ 9.0 32 bit) ----
25/09/2011 22:34:05 (Std) 	---- Renderer module is: CEGUI::OgreRenderer - Official OGRE based 2nd generation renderer module. ----
25/09/2011 22:34:05 (Std) 	---- XML Parser module is: CEGUI::ExpatParser - Official expat based parser module for CEGUI ----
25/09/2011 22:34:05 (Std) 	---- Image Codec module is: OgreImageCodec - Integrated ImageCodec using the Ogre engine. ----
25/09/2011 22:34:05 (Std) 	---- Scripting module is: None ----
25/09/2011 22:34:05 (Std) 	********************************************************************************
25/09/2011 22:34:05 (Std) 	* -------- END OF ESSENTIAL SECTION TO BE POSTED ON THE FORUM         -------- *
25/09/2011 22:34:05 (Std) 	********************************************************************************
25/09/2011 22:34:05 (Std) 	
25/09/2011 22:34:05 (Std) 	---- Begining CEGUI System initialisation ----
25/09/2011 22:34:05 (Std) 	CEGUI::ImagesetManager singleton created (0240CDD8)
25/09/2011 22:34:05 (Std) 	CEGUI::FontManager singleton created. (06F46790)
25/09/2011 22:34:05 (Std) 	CEGUI::WindowFactoryManager singleton created
25/09/2011 22:34:05 (Std) 	CEGUI::WindowManager singleton created (06EEEA38)
25/09/2011 22:34:05 (Std) 	CEGUI::SchemeManager singleton created. (06F47208)
25/09/2011 22:34:05 (Std) 	CEGUI::MouseCursor singleton created. (023FC2E0)
25/09/2011 22:34:05 (Std) 	CEGUI::GlobalEventSet singleton created. (0240D120)
25/09/2011 22:34:05 (Std) 	CEGUI::AnimationManager singleton created (06F47320)
25/09/2011 22:34:05 (Std) 	CEGUI::WidgetLookManager singleton created. (06F455C8)
25/09/2011 22:34:05 (Std) 	CEGUI::WindowRendererManager singleton created (023FCF38)
25/09/2011 22:34:05 (Std) 	CEGUI::RenderEffectManager singleton created (06F5D570)
25/09/2011 22:34:05 (Std) 	Created WindowFactory for 'DefaultWindow' windows.
25/09/2011 22:34:05 (Std) 	WindowFactory for 'DefaultWindow' windows added. (06F5D860)
25/09/2011 22:34:05 (Std) 	Created WindowFactory for 'DragContainer' windows.
25/09/2011 22:34:05 (Std) 	WindowFactory for 'DragContainer' windows added. (06F5DA20)
25/09/2011 22:34:05 (Std) 	Created WindowFactory for 'ScrolledContainer' windows.
25/09/2011 22:34:05 (Std) 	WindowFactory for 'ScrolledContainer' windows added. (06F5DBE0)
25/09/2011 22:34:05 (Std) 	Created WindowFactory for 'ClippedContainer' windows.
25/09/2011 22:34:05 (Std) 	WindowFactory for 'ClippedContainer' windows added. (06F5DDA0)
25/09/2011 22:34:05 (Std) 	Created WindowFactory for 'CEGUI/Checkbox' windows.
25/09/2011 22:34:05 (Std) 	WindowFactory for 'CEGUI/Checkbox' windows added. (06F5DF60)
25/09/2011 22:34:05 (Std) 	Created WindowFactory for 'CEGUI/PushButton' windows.
25/09/2011 22:34:05 (Std) 	WindowFactory for 'CEGUI/PushButton' windows added. (06F5E178)
25/09/2011 22:34:05 (Std) 	Created WindowFactory for 'CEGUI/RadioButton' windows.
25/09/2011 22:34:05 (Std) 	WindowFactory for 'CEGUI/RadioButton' windows added. (06F5E338)
25/09/2011 22:34:05 (Std) 	Created WindowFactory for 'CEGUI/Combobox' windows.
25/09/2011 22:34:05 (Std) 	WindowFactory for 'CEGUI/Combobox' windows added. (06F5E558)
25/09/2011 22:34:05 (Std) 	Created WindowFactory for 'CEGUI/ComboDropList' windows.
25/09/2011 22:34:05 (Std) 	WindowFactory for 'CEGUI/ComboDropList' windows added. (06F5E718)
25/09/2011 22:34:05 (Std) 	Created WindowFactory for 'CEGUI/Editbox' windows.
25/09/2011 22:34:05 (Std) 	WindowFactory for 'CEGUI/Editbox' windows added. (06F5E8D8)
25/09/2011 22:34:05 (Std) 	Created WindowFactory for 'CEGUI/FrameWindow' windows.
25/09/2011 22:34:05 (Std) 	WindowFactory for 'CEGUI/FrameWindow' windows added. (06F5EB08)
25/09/2011 22:34:05 (Std) 	Created WindowFactory for 'CEGUI/ItemEntry' windows.
25/09/2011 22:34:05 (Std) 	WindowFactory for 'CEGUI/ItemEntry' windows added. (06F5ECC8)
25/09/2011 22:34:05 (Std) 	Created WindowFactory for 'CEGUI/Listbox' windows.
25/09/2011 22:34:05 (Std) 	WindowFactory for 'CEGUI/Listbox' windows added. (06F5EE88)
25/09/2011 22:34:05 (Std) 	Created WindowFactory for 'CEGUI/ListHeader' windows.
25/09/2011 22:34:05 (Std) 	WindowFactory for 'CEGUI/ListHeader' windows added. (06F5F048)
25/09/2011 22:34:05 (Std) 	Created WindowFactory for 'CEGUI/ListHeaderSegment' windows.
25/09/2011 22:34:05 (Std) 	WindowFactory for 'CEGUI/ListHeaderSegment' windows added. (06F5F208)
25/09/2011 22:34:05 (Std) 	Created WindowFactory for 'CEGUI/Menubar' windows.
25/09/2011 22:34:05 (Std) 	WindowFactory for 'CEGUI/Menubar' windows added. (06F5F498)
25/09/2011 22:34:05 (Std) 	Created WindowFactory for 'CEGUI/PopupMenu' windows.
25/09/2011 22:34:05 (Std) 	WindowFactory for 'CEGUI/PopupMenu' windows added. (06F5F858)
25/09/2011 22:34:05 (Std) 	Created WindowFactory for 'CEGUI/MenuItem' windows.
25/09/2011 22:34:05 (Std) 	WindowFactory for 'CEGUI/MenuItem' windows added. (06F5F930)
25/09/2011 22:34:05 (Std) 	Created WindowFactory for 'CEGUI/MultiColumnList' windows.
25/09/2011 22:34:05 (Std) 	WindowFactory for 'CEGUI/MultiColumnList' windows added. (06F5FAF0)
25/09/2011 22:34:05 (Std) 	Created WindowFactory for 'CEGUI/MultiLineEditbox' windows.
25/09/2011 22:34:05 (Std) 	WindowFactory for 'CEGUI/MultiLineEditbox' windows added. (06F5FD50)
25/09/2011 22:34:05 (Std) 	Created WindowFactory for 'CEGUI/ProgressBar' windows.
25/09/2011 22:34:05 (Std) 	WindowFactory for 'CEGUI/ProgressBar' windows added. (06EDE660)
25/09/2011 22:34:05 (Std) 	Created WindowFactory for 'CEGUI/ScrollablePane' windows.
25/09/2011 22:34:05 (Std) 	WindowFactory for 'CEGUI/ScrollablePane' windows added. (06EDE820)
25/09/2011 22:34:05 (Std) 	Created WindowFactory for 'CEGUI/Scrollbar' windows.
25/09/2011 22:34:05 (Std) 	WindowFactory for 'CEGUI/Scrollbar' windows added. (06EDE9E0)
25/09/2011 22:34:05 (Std) 	Created WindowFactory for 'CEGUI/Slider' windows.
25/09/2011 22:34:05 (Std) 	WindowFactory for 'CEGUI/Slider' windows added. (06EDEBA0)
25/09/2011 22:34:05 (Std) 	Created WindowFactory for 'CEGUI/Spinner' windows.
25/09/2011 22:34:05 (Std) 	WindowFactory for 'CEGUI/Spinner' windows added. (06EDED60)
25/09/2011 22:34:05 (Std) 	Created WindowFactory for 'CEGUI/TabButton' windows.
25/09/2011 22:34:05 (Std) 	WindowFactory for 'CEGUI/TabButton' windows added. (06EDEF20)
25/09/2011 22:34:05 (Std) 	Created WindowFactory for 'CEGUI/TabControl' windows.
25/09/2011 22:34:05 (Std) 	WindowFactory for 'CEGUI/TabControl' windows added. (06EDF0E0)
25/09/2011 22:34:05 (Std) 	Created WindowFactory for 'CEGUI/Thumb' windows.
25/09/2011 22:34:05 (Std) 	WindowFactory for 'CEGUI/Thumb' windows added. (06EDF2A0)
25/09/2011 22:34:05 (Std) 	Created WindowFactory for 'CEGUI/Titlebar' windows.
25/09/2011 22:34:05 (Std) 	WindowFactory for 'CEGUI/Titlebar' windows added. (06EDF460)
25/09/2011 22:34:05 (Std) 	Created WindowFactory for 'CEGUI/Tooltip' windows.
25/09/2011 22:34:05 (Std) 	WindowFactory for 'CEGUI/Tooltip' windows added. (06F5FF10)
25/09/2011 22:34:05 (Std) 	Created WindowFactory for 'CEGUI/ItemListbox' windows.
25/09/2011 22:34:05 (Std) 	WindowFactory for 'CEGUI/ItemListbox' windows added. (06EDF7F0)
25/09/2011 22:34:05 (Std) 	Created WindowFactory for 'CEGUI/GroupBox' windows.
25/09/2011 22:34:05 (Std) 	WindowFactory for 'CEGUI/GroupBox' windows added. (06EDF9B0)
25/09/2011 22:34:05 (Std) 	Created WindowFactory for 'CEGUI/Tree' windows.
25/09/2011 22:34:05 (Std) 	WindowFactory for 'CEGUI/Tree' windows added. (06EDFB70)
25/09/2011 22:34:05 (Std) 	Created WindowFactory for 'HorizontalLayoutContainer' windows.
25/09/2011 22:34:05 (Std) 	WindowFactory for 'HorizontalLayoutContainer' windows added. (06EDFD30)
25/09/2011 22:34:05 (Std) 	Created WindowFactory for 'VerticalLayoutContainer' windows.
25/09/2011 22:34:05 (Std) 	WindowFactory for 'VerticalLayoutContainer' windows added. (06EDFEF0)
25/09/2011 22:34:05 (Std) 	Created WindowFactory for 'GridLayoutContainer' windows.
25/09/2011 22:34:05 (Std) 	WindowFactory for 'GridLayoutContainer' windows added. (06EE00B0)
25/09/2011 22:34:05 (Std) 	Window type alias named 'DefaultGUISheet' added for window type 'DefaultWindow'.
25/09/2011 22:34:05 (Std) 	CEGUI::System singleton created. (06EEE460)
25/09/2011 22:34:05 (Std) 	---- CEGUI System initialisation completed ----
25/09/2011 22:34:05 (Std) 	
25/09/2011 22:34:05 (Std) 	Started creation of Scheme from XML specification:
25/09/2011 22:34:05 (Std) 	---- CEGUI GUIScheme name: WindowsLookSkin
25/09/2011 22:34:05 (Std) 	Started creation of Imageset from XML specification:
25/09/2011 22:34:05 (Std) 	---- CEGUI Imageset name: WindowsLook
25/09/2011 22:34:05 (Std) 	---- Source texture file: WindowsLook.tga in resource group: (Default)
25/09/2011 22:34:05 (Std) 	===== Falagard 'root' element: look and feel parsing begins =====
25/09/2011 22:34:06 (Std) 	===== Look and feel parsing completed =====
25/09/2011 22:34:06 (Std) 	No window renderer factories specified for module 'CEGUIFalagardWRBase' - adding all available factories...
25/09/2011 22:34:06 (Std) 	Created WindowRendererFactory for 'Falagard/Button' WindowRenderers.
25/09/2011 22:34:06 (Std) 	WindowRendererFactory 'Falagard/Button' added. (085D2F00)
25/09/2011 22:34:06 (Std) 	Created WindowRendererFactory for 'Falagard/Default' WindowRenderers.
25/09/2011 22:34:06 (Std) 	WindowRendererFactory 'Falagard/Default' added. (06F0A008)
25/09/2011 22:34:06 (Std) 	Created WindowRendererFactory for 'Falagard/Editbox' WindowRenderers.
25/09/2011 22:34:06 (Std) 	WindowRendererFactory 'Falagard/Editbox' added. (085D2798)
25/09/2011 22:34:06 (Std) 	Created WindowRendererFactory for 'Falagard/FrameWindow' WindowRenderers.
25/09/2011 22:34:06 (Std) 	WindowRendererFactory 'Falagard/FrameWindow' added. (06EE2368)
25/09/2011 22:34:06 (Std) 	Created WindowRendererFactory for 'Falagard/ItemEntry' WindowRenderers.
25/09/2011 22:34:06 (Std) 	WindowRendererFactory 'Falagard/ItemEntry' added. (06EE0FF0)
25/09/2011 22:34:06 (Std) 	Created WindowRendererFactory for 'Falagard/ListHeader' WindowRenderers.
25/09/2011 22:34:06 (Std) 	WindowRendererFactory 'Falagard/ListHeader' added. (06F1F980)
25/09/2011 22:34:06 (Std) 	Created WindowRendererFactory for 'Falagard/ListHeaderSegment' WindowRenderers.
25/09/2011 22:34:06 (Std) 	WindowRendererFactory 'Falagard/ListHeaderSegment' added. (07052DF0)
25/09/2011 22:34:06 (Std) 	Created WindowRendererFactory for 'Falagard/Listbox' WindowRenderers.
25/09/2011 22:34:06 (Std) 	WindowRendererFactory 'Falagard/Listbox' added. (07052EC8)
25/09/2011 22:34:06 (Std) 	Created WindowRendererFactory for 'Falagard/Menubar' WindowRenderers.
25/09/2011 22:34:06 (Std) 	WindowRendererFactory 'Falagard/Menubar' added. (06EE1A20)
25/09/2011 22:34:06 (Std) 	Created WindowRendererFactory for 'Falagard/MenuItem' WindowRenderers.
25/09/2011 22:34:06 (Std) 	WindowRendererFactory 'Falagard/MenuItem' added. (0708C7B0)
25/09/2011 22:34:06 (Std) 	Created WindowRendererFactory for 'Falagard/MultiColumnList' WindowRenderers.
25/09/2011 22:34:06 (Std) 	WindowRendererFactory 'Falagard/MultiColumnList' added. (085D5D10)
25/09/2011 22:34:06 (Std) 	Created WindowRendererFactory for 'Falagard/MultiLineEditbox' WindowRenderers.
25/09/2011 22:34:06 (Std) 	WindowRendererFactory 'Falagard/MultiLineEditbox' added. (06EE0970)
25/09/2011 22:34:06 (Std) 	Created WindowRendererFactory for 'Falagard/PopupMenu' WindowRenderers.
25/09/2011 22:34:06 (Std) 	WindowRendererFactory 'Falagard/PopupMenu' added. (06EE0B30)
25/09/2011 22:34:06 (Std) 	Created WindowRendererFactory for 'Falagard/ProgressBar' WindowRenderers.
25/09/2011 22:34:06 (Std) 	WindowRendererFactory 'Falagard/ProgressBar' added. (06EE0CF0)
25/09/2011 22:34:06 (Std) 	Created WindowRendererFactory for 'Falagard/ScrollablePane' WindowRenderers.
25/09/2011 22:34:06 (Std) 	WindowRendererFactory 'Falagard/ScrollablePane' added. (0708E7E8)
25/09/2011 22:34:06 (Std) 	Created WindowRendererFactory for 'Falagard/Scrollbar' WindowRenderers.
25/09/2011 22:34:06 (Std) 	WindowRendererFactory 'Falagard/Scrollbar' added. (0708E9A8)
25/09/2011 22:34:06 (Std) 	Created WindowRendererFactory for 'Falagard/Slider' WindowRenderers.
25/09/2011 22:34:06 (Std) 	WindowRendererFactory 'Falagard/Slider' added. (0708EB68)
25/09/2011 22:34:06 (Std) 	Created WindowRendererFactory for 'Falagard/Static' WindowRenderers.
25/09/2011 22:34:06 (Std) 	WindowRendererFactory 'Falagard/Static' added. (0708ED28)
25/09/2011 22:34:06 (Std) 	Created WindowRendererFactory for 'Falagard/StaticImage' WindowRenderers.
25/09/2011 22:34:06 (Std) 	WindowRendererFactory 'Falagard/StaticImage' added. (0708EEE8)
25/09/2011 22:34:06 (Std) 	Created WindowRendererFactory for 'Falagard/StaticText' WindowRenderers.
25/09/2011 22:34:06 (Std) 	WindowRendererFactory 'Falagard/StaticText' added. (0708F0A8)
25/09/2011 22:34:06 (Std) 	Created WindowRendererFactory for 'Falagard/SystemButton' WindowRenderers.
25/09/2011 22:34:06 (Std) 	WindowRendererFactory 'Falagard/SystemButton' added. (0708F268)
25/09/2011 22:34:06 (Std) 	Created WindowRendererFactory for 'Falagard/TabButton' WindowRenderers.
25/09/2011 22:34:06 (Std) 	WindowRendererFactory 'Falagard/TabButton' added. (0708F428)
25/09/2011 22:34:06 (Std) 	Created WindowRendererFactory for 'Falagard/TabControl' WindowRenderers.
25/09/2011 22:34:06 (Std) 	WindowRendererFactory 'Falagard/TabControl' added. (0708F5E8)
25/09/2011 22:34:06 (Std) 	Created WindowRendererFactory for 'Falagard/Titlebar' WindowRenderers.
25/09/2011 22:34:06 (Std) 	WindowRendererFactory 'Falagard/Titlebar' added. (06F06AA0)
25/09/2011 22:34:06 (Std) 	Created WindowRendererFactory for 'Falagard/ToggleButton' WindowRenderers.
25/09/2011 22:34:06 (Std) 	WindowRendererFactory 'Falagard/ToggleButton' added. (06F06C60)
25/09/2011 22:34:06 (Std) 	Created WindowRendererFactory for 'Falagard/Tooltip' WindowRenderers.
25/09/2011 22:34:06 (Std) 	WindowRendererFactory 'Falagard/Tooltip' added. (06F06E20)
25/09/2011 22:34:06 (Std) 	Created WindowRendererFactory for 'Falagard/ItemListbox' WindowRenderers.
25/09/2011 22:34:06 (Std) 	WindowRendererFactory 'Falagard/ItemListbox' added. (06F06FE0)
25/09/2011 22:34:06 (Std) 	Created WindowRendererFactory for 'Falagard/Tree' WindowRenderers.
25/09/2011 22:34:06 (Std) 	WindowRendererFactory 'Falagard/Tree' added. (06F071A0)
25/09/2011 22:34:06 (Std) 	Creating falagard mapping for type 'WindowsLook/Button' using base type 'CEGUI/PushButton', window renderer 'Falagard/Button' Look'N'Feel 'WindowsLook/Button' and RenderEffect ''. (001ACB10)
25/09/2011 22:34:06 (Std) 	Creating falagard mapping for type 'WindowsLook/Checkbox' using base type 'CEGUI/Checkbox', window renderer 'Falagard/ToggleButton' Look'N'Feel 'WindowsLook/Checkbox' and RenderEffect ''. (001ACB10)
25/09/2011 22:34:06 (Std) 	Creating falagard mapping for type 'WindowsLook/IconButton' using base type 'CEGUI/PushButton', window renderer 'Falagard/Button' Look'N'Feel 'WindowsLook/IconButton' and RenderEffect ''. (001ACB10)
25/09/2011 22:34:06 (Std) 	Creating falagard mapping for type 'WindowsLook/RadioButton' using base type 'CEGUI/RadioButton', window renderer 'Falagard/ToggleButton' Look'N'Feel 'WindowsLook/RadioButton' and RenderEffect ''. (001ACB10)
25/09/2011 22:34:06 (Std) 	Creating falagard mapping for type 'WindowsLook/FrameWindow' using base type 'CEGUI/FrameWindow', window renderer 'Falagard/FrameWindow' Look'N'Feel 'WindowsLook/FrameWindow' and RenderEffect ''. (001ACB10)
25/09/2011 22:34:06 (Std) 	Creating falagard mapping for type 'WindowsLook/Titlebar' using base type 'CEGUI/Titlebar', window renderer 'Falagard/Titlebar' Look'N'Feel 'WindowsLook/Titlebar' and RenderEffect ''. (001ACB10)
25/09/2011 22:34:06 (Std) 	Creating falagard mapping for type 'WindowsLook/SystemButton' using base type 'CEGUI/PushButton', window renderer 'Falagard/Button' Look'N'Feel 'WindowsLook/SystemButton' and RenderEffect ''. (001ACB10)
25/09/2011 22:34:06 (Std) 	Creating falagard mapping for type 'WindowsLook/Editbox' using base type 'CEGUI/Editbox', window renderer 'Falagard/Editbox' Look'N'Feel 'WindowsLook/Editbox' and RenderEffect ''. (001ACB10)
25/09/2011 22:34:06 (Std) 	Creating falagard mapping for type 'WindowsLook/MultiLineEditbox' using base type 'CEGUI/MultiLineEditbox', window renderer 'Falagard/MultiLineEditbox' Look'N'Feel 'WindowsLook/MultiLineEditbox' and RenderEffect ''. (001ACB10)
25/09/2011 22:34:06 (Std) 	Creating falagard mapping for type 'WindowsLook/Menubar' using base type 'CEGUI/Menubar', window renderer 'Falagard/Menubar' Look'N'Feel 'WindowsLook/Menubar' and RenderEffect ''. (001ACB10)
25/09/2011 22:34:06 (Std) 	Creating falagard mapping for type 'WindowsLook/PopupMenu' using base type 'CEGUI/PopupMenu', window renderer 'Falagard/PopupMenu' Look'N'Feel 'WindowsLook/PopupMenu' and RenderEffect ''. (001ACB10)
25/09/2011 22:34:06 (Std) 	Creating falagard mapping for type 'WindowsLook/MenuItem' using base type 'CEGUI/MenuItem', window renderer 'Falagard/MenuItem' Look'N'Feel 'WindowsLook/MenuItem' and RenderEffect ''. (001ACB10)
25/09/2011 22:34:06 (Std) 	Creating falagard mapping for type 'WindowsLook/ProgressBar' using base type 'CEGUI/ProgressBar', window renderer 'Falagard/ProgressBar' Look'N'Feel 'WindowsLook/ProgressBar' and RenderEffect ''. (001ACB10)
25/09/2011 22:34:06 (Std) 	Creating falagard mapping for type 'WindowsLook/VerticalScrollbar' using base type 'CEGUI/Scrollbar', window renderer 'Falagard/Scrollbar' Look'N'Feel 'WindowsLook/VerticalScrollbar' and RenderEffect ''. (001ACB10)
25/09/2011 22:34:06 (Std) 	Creating falagard mapping for type 'WindowsLook/HorizontalScrollbar' using base type 'CEGUI/Scrollbar', window renderer 'Falagard/Scrollbar' Look'N'Feel 'WindowsLook/HorizontalScrollbar' and RenderEffect ''. (001ACB10)
25/09/2011 22:34:06 (Std) 	Creating falagard mapping for type 'WindowsLook/VerticalScrollbarThumb' using base type 'CEGUI/Thumb', window renderer 'Falagard/Button' Look'N'Feel 'WindowsLook/VerticalScrollbarThumb' and RenderEffect ''. (001ACB10)
25/09/2011 22:34:06 (Std) 	Creating falagard mapping for type 'WindowsLook/HorizontalScrollbarThumb' using base type 'CEGUI/Thumb', window renderer 'Falagard/Button' Look'N'Feel 'WindowsLook/HorizontalScrollbarThumb' and RenderEffect ''. (001ACB10)
25/09/2011 22:34:06 (Std) 	Creating falagard mapping for type 'WindowsLook/TabButton' using base type 'CEGUI/TabButton', window renderer 'Falagard/TabButton' Look'N'Feel 'WindowsLook/TabButton' and RenderEffect ''. (001ACB10)
25/09/2011 22:34:06 (Std) 	Creating falagard mapping for type 'WindowsLook/TabControl' using base type 'CEGUI/TabControl', window renderer 'Falagard/TabControl' Look'N'Feel 'WindowsLook/TabControl' and RenderEffect ''. (001ACB10)
25/09/2011 22:34:06 (Std) 	Creating falagard mapping for type 'WindowsLook/TabContentPane' using base type 'DefaultWindow', window renderer 'Falagard/Default' Look'N'Feel 'WindowsLook/TabContentPane' and RenderEffect ''. (001ACB10)
25/09/2011 22:34:06 (Std) 	Creating falagard mapping for type 'WindowsLook/TabButtonPane' using base type 'DefaultWindow', window renderer 'Falagard/Default' Look'N'Feel 'WindowsLook/TabButtonPane' and RenderEffect ''. (001ACB10)
25/09/2011 22:34:06 (Std) 	Creating falagard mapping for type 'WindowsLook/ComboDropList' using base type 'CEGUI/ComboDropList', window renderer 'Falagard/Listbox' Look'N'Feel 'WindowsLook/ComboDropList' and RenderEffect ''. (001ACB10)
25/09/2011 22:34:06 (Std) 	Creating falagard mapping for type 'WindowsLook/Combobox' using base type 'CEGUI/Combobox', window renderer 'Falagard/Default' Look'N'Feel 'WindowsLook/Combobox' and RenderEffect ''. (001ACB10)
25/09/2011 22:34:06 (Std) 	Creating falagard mapping for type 'WindowsLook/Listbox' using base type 'CEGUI/Listbox', window renderer 'Falagard/Listbox' Look'N'Feel 'WindowsLook/Listbox' and RenderEffect ''. (001ACB10)
25/09/2011 22:34:06 (Std) 	Creating falagard mapping for type 'WindowsLook/ListHeader' using base type 'CEGUI/ListHeader', window renderer 'Falagard/ListHeader' Look'N'Feel 'WindowsLook/ListHeader' and RenderEffect ''. (001ACB10)
25/09/2011 22:34:06 (Std) 	Creating falagard mapping for type 'WindowsLook/ListHeaderSegment' using base type 'CEGUI/ListHeaderSegment', window renderer 'Falagard/ListHeaderSegment' Look'N'Feel 'WindowsLook/ListHeaderSegment' and RenderEffect ''. (001ACB10)
25/09/2011 22:34:06 (Std) 	Creating falagard mapping for type 'WindowsLook/MultiColumnList' using base type 'CEGUI/MultiColumnList', window renderer 'Falagard/MultiColumnList' Look'N'Feel 'WindowsLook/MultiColumnList' and RenderEffect ''. (001ACB10)
25/09/2011 22:34:06 (Std) 	Creating falagard mapping for type 'WindowsLook/Slider' using base type 'CEGUI/Slider', window renderer 'Falagard/Slider' Look'N'Feel 'WindowsLook/Slider' and RenderEffect ''. (001ACB10)
25/09/2011 22:34:06 (Std) 	Creating falagard mapping for type 'WindowsLook/SliderThumb' using base type 'CEGUI/Thumb', window renderer 'Falagard/Button' Look'N'Feel 'WindowsLook/SliderThumb' and RenderEffect ''. (001ACB10)
25/09/2011 22:34:06 (Std) 	Creating falagard mapping for type 'WindowsLook/ScrollablePane' using base type 'CEGUI/ScrollablePane', window renderer 'Falagard/ScrollablePane' Look'N'Feel 'WindowsLook/ScrollablePane' and RenderEffect ''. (001ACB10)
25/09/2011 22:34:06 (Std) 	Creating falagard mapping for type 'WindowsLook/Spinner' using base type 'CEGUI/Spinner', window renderer 'Falagard/Default' Look'N'Feel 'WindowsLook/Spinner' and RenderEffect ''. (001ACB10)
25/09/2011 22:34:06 (Std) 	Creating falagard mapping for type 'WindowsLook/Tooltip' using base type 'CEGUI/Tooltip', window renderer 'Falagard/Tooltip' Look'N'Feel 'WindowsLook/Tooltip' and RenderEffect ''. (001ACB10)
25/09/2011 22:34:06 (Std) 	Creating falagard mapping for type 'WindowsLook/Static' using base type 'DefaultWindow', window renderer 'Falagard/Static' Look'N'Feel 'WindowsLook/Static' and RenderEffect ''. (001ACB10)
25/09/2011 22:34:06 (Std) 	Creating falagard mapping for type 'WindowsLook/StaticImage' using base type 'DefaultWindow', window renderer 'Falagard/StaticImage' Look'N'Feel 'WindowsLook/StaticImage' and RenderEffect ''. (001ACB10)
25/09/2011 22:34:06 (Std) 	Creating falagard mapping for type 'WindowsLook/StaticText' using base type 'DefaultWindow', window renderer 'Falagard/StaticText' Look'N'Feel 'WindowsLook/StaticText' and RenderEffect ''. (001ACB10)
25/09/2011 22:34:06 (Std) 	Creating falagard mapping for type 'WindowsLook/ItemListbox' using base type 'CEGUI/ItemListbox', window renderer 'Falagard/ItemListbox' Look'N'Feel 'WindowsLook/ItemListbox' and RenderEffect ''. (001ACB10)
25/09/2011 22:34:06 (Std) 	Creating falagard mapping for type 'WindowsLook/ListboxItem' using base type 'CEGUI/ItemEntry', window renderer 'Falagard/ItemEntry' Look'N'Feel 'WindowsLook/ListboxItem' and RenderEffect ''. (001ACB10)
25/09/2011 22:34:06 (Std) 	Creating falagard mapping for type 'WindowsLook/GroupBox' using base type 'CEGUI/GroupBox', window renderer 'Falagard/Default' Look'N'Feel 'WindowsLook/GroupBox' and RenderEffect ''. (001ACB10)
