20:34:58: WARNING: the mesh 'mayaExport' includes vertices without bone assignments. Those vertices will transform to wrong position when skeletal animation enabled. To eliminate this, assign at least one bone assignment per vertex on your mesh.
20:34:58: WARNING: the mesh 'mayaExport' includes vertices without bone assignments. Those vertices will transform to wrong position when skeletal animation enabled. To eliminate this, assign at least one bone assignment per vertex on your mesh.
20:34:58: MeshSerializer writing mesh data to front_train.mesh...
20:34:58: File header written.
20:34:58: Writing mesh data...
20:34:58: Writing submesh...
20:34:58: Exporting submesh texture aliases...
20:34:58: Submesh texture aliases exported.
20:34:58: Submesh exported.
20:34:58: Writing submesh...
20:34:58: Exporting submesh texture aliases...
20:34:58: Submesh texture aliases exported.
20:34:58: Submesh exported.
20:34:58: Exporting bounds information....
20:34:58: Bounds information exported.
20:34:58: Exporting submesh name table...
20:34:58: Submesh name table exported.
20:34:58: Mesh data exported.
20:34:58: MeshSerializer export successful.
20:34:58: Unregistering ResourceManager for type Material
20:34:58: Unregistering ResourceManager for type Skeleton
20:34:58: Unregistering ResourceManager for type Mesh
